# JRE version: OpenJDK Runtime Environment Temurin-21.0.8+9 (21.0.8+9) (build 21.0.8+9-LTS)
# Java VM: OpenJDK 64-Bit Server VM Temurin-21.0.8+9 (21.0.8+9-LTS, mixed mode, sharing, tiered, compressed oops, compressed class ptrs, parallel gc, windows-amd64)
GC Precious Log:
 CardTable entry size: 512
 CPUs: 16 total, 16 available
 Memory: 7563M
 Large Page Support: Disabled
 NUMA Support: Disabled
 Compressed Oops: Enabled (32-bit)
 Alignments: Space 512K, Generation 512K, Heap 2M
 Heap Min Capacity: 100M
 Heap Initial Capacity: 100M
 Heap Max Capacity: 2G
 Pre-touch: Disabled
 Parallel Workers: 13
Heap:
 PSYoungGen      total 11776K, used 4151K [0x00000000d5580000, 0x00000000d6200000, 0x0000000100000000)
  eden space 11264K, 33% used [0x00000000d5580000,0x00000000d592dc40,0x00000000d6080000)
  from space 512K, 75% used [0x00000000d6180000,0x00000000d61e0000,0x00000000d6200000)
  to   space 512K, 0% used [0x00000000d6100000,0x00000000d6100000,0x00000000d6180000)
 ParOldGen       total 1061376K, used 1060975K [0x0000000080000000, 0x00000000c0c80000, 0x00000000d5580000)
  object space 1061376K, 99% used [0x0000000080000000,0x00000000c0c1be60,0x00000000c0c80000)
 Metaspace       used 91128K, committed 92928K, reserved 1179648K
  class space    used 10505K, committed 11328K, reserved 1048576K
GC Heap History (20 events):
Event: 6464.406 GC heap before
{Heap before GC invocations=4407 (full 5):
 PSYoungGen      total 11776K, used 11584K [0x00000000d5580000, 0x00000000d6200000, 0x0000000100000000)
  eden space 11264K, 100% used [0x00000000d5580000,0x00000000d6080000,0x00000000d6080000)
  from space 512K, 62% used [0x00000000d6180000,0x00000000d61d0000,0x00000000d6200000)
  to   space 512K, 0% used [0x00000000d6100000,0x00000000d6100000,0x00000000d6180000)
 ParOldGen       total 1059840K, used 1059836K [0x0000000080000000, 0x00000000c0b00000, 0x00000000d5580000)
  object space 1059840K, 99% used [0x0000000080000000,0x00000000c0aff320,0x00000000c0b00000)
 Metaspace       used 91033K, committed 92864K, reserved 1179648K
  class space    used 10503K, committed 11328K, reserved 1048576K
}
Event: 6464.409 GC heap after
{Heap after GC invocations=4407 (full 5):
 PSYoungGen      total 11776K, used 288K [0x00000000d5580000, 0x00000000d6200000, 0x0000000100000000)
  eden space 11264K, 0% used [0x00000000d5580000,0x00000000d5580000,0x00000000d6080000)
  from space 512K, 56% used [0x00000000d6100000,0x00000000d6148000,0x00000000d6180000)
  to   space 512K, 0% used [0x00000000d6180000,0x00000000d6180000,0x00000000d6200000)
 ParOldGen       total 1060352K, used 1059924K [0x0000000080000000, 0x00000000c0b80000, 0x00000000d5580000)
  object space 1060352K, 99% used [0x0000000080000000,0x00000000c0b15320,0x00000000c0b80000)
 Metaspace       used 91033K, committed 92864K, reserved 1179648K
  class space    used 10503K, committed 11328K, reserved 1048576K
}
Event: 6464.453 GC heap before
{Heap before GC invocations=4408 (full 5):
 PSYoungGen      total 11776K, used 11552K [0x00000000d5580000, 0x00000000d6200000, 0x0000000100000000)
  eden space 11264K, 100% used [0x00000000d5580000,0x00000000d6080000,0x00000000d6080000)
  from space 512K, 56% used [0x00000000d6100000,0x00000000d6148000,0x00000000d6180000)
  to   space 512K, 0% used [0x00000000d6180000,0x00000000d6180000,0x00000000d6200000)
 ParOldGen       total 1060352K, used 1059924K [0x0000000080000000, 0x00000000c0b80000, 0x00000000d5580000)
  object space 1060352K, 99% used [0x0000000080000000,0x00000000c0b15320,0x00000000c0b80000)
 Metaspace       used 91038K, committed 92864K, reserved 1179648K
  class space    used 10503K, committed 11328K, reserved 1048576K
}
Event: 6464.456 GC heap after
{Heap after GC invocations=4408 (full 5):
 PSYoungGen      total 11776K, used 352K [0x00000000d5580000, 0x00000000d6200000, 0x0000000100000000)
  eden space 11264K, 0% used [0x00000000d5580000,0x00000000d5580000,0x00000000d6080000)
  from space 512K, 68% used [0x00000000d6180000,0x00000000d61d8000,0x00000000d6200000)
  to   space 512K, 0% used [0x00000000d6100000,0x00000000d6100000,0x00000000d6180000)
 ParOldGen       total 1060352K, used 1060004K [0x0000000080000000, 0x00000000c0b80000, 0x00000000d5580000)
  object space 1060352K, 99% used [0x0000000080000000,0x00000000c0b29320,0x00000000c0b80000)
 Metaspace       used 91038K, committed 92864K, reserved 1179648K
  class space    used 10503K, committed 11328K, reserved 1048576K
}
Event: 6464.480 GC heap before
{Heap before GC invocations=4409 (full 5):
 PSYoungGen      total 11776K, used 11616K [0x00000000d5580000, 0x00000000d6200000, 0x0000000100000000)
  eden space 11264K, 100% used [0x00000000d5580000,0x00000000d6080000,0x00000000d6080000)
  from space 512K, 68% used [0x00000000d6180000,0x00000000d61d8000,0x00000000d6200000)
  to   space 512K, 0% used [0x00000000d6100000,0x00000000d6100000,0x00000000d6180000)
 ParOldGen       total 1060352K, used 1060004K [0x0000000080000000, 0x00000000c0b80000, 0x00000000d5580000)
  object space 1060352K, 99% used [0x0000000080000000,0x00000000c0b29320,0x00000000c0b80000)
 Metaspace       used 91038K, committed 92864K, reserved 1179648K
  class space    used 10503K, committed 11328K, reserved 1048576K
}
Event: 6464.483 GC heap after
{Heap after GC invocations=4409 (full 5):
 PSYoungGen      total 11776K, used 496K [0x00000000d5580000, 0x00000000d6280000, 0x0000000100000000)
  eden space 11264K, 0% used [0x00000000d5580000,0x00000000d5580000,0x00000000d6080000)
  from space 512K, 97% used [0x00000000d6100000,0x00000000d617c380,0x00000000d6180000)
  to   space 1024K, 0% used [0x00000000d6180000,0x00000000d6180000,0x00000000d6280000)
 ParOldGen       total 1060352K, used 1060205K [0x0000000080000000, 0x00000000c0b80000, 0x00000000d5580000)
  object space 1060352K, 99% used [0x0000000080000000,0x00000000c0b5b720,0x00000000c0b80000)
 Metaspace       used 91038K, committed 92864K, reserved 1179648K
  class space    used 10503K, committed 11328K, reserved 1048576K
}
Event: 6464.500 GC heap before
{Heap before GC invocations=4410 (full 5):
 PSYoungGen      total 11776K, used 11760K [0x00000000d5580000, 0x00000000d6280000, 0x0000000100000000)
  eden space 11264K, 100% used [0x00000000d5580000,0x00000000d6080000,0x00000000d6080000)
  from space 512K, 97% used [0x00000000d6100000,0x00000000d617c380,0x00000000d6180000)
  to   space 1024K, 0% used [0x00000000d6180000,0x00000000d6180000,0x00000000d6280000)
 ParOldGen       total 1060352K, used 1060205K [0x0000000080000000, 0x00000000c0b80000, 0x00000000d5580000)
  object space 1060352K, 99% used [0x0000000080000000,0x00000000c0b5b720,0x00000000c0b80000)
 Metaspace       used 91038K, committed 92864K, reserved 1179648K
  class space    used 10503K, committed 11328K, reserved 1048576K
}
Event: 6464.504 GC heap after
{Heap after GC invocations=4410 (full 5):
 PSYoungGen      total 12288K, used 765K [0x00000000d5580000, 0x00000000d6280000, 0x0000000100000000)
  eden space 11264K, 0% used [0x00000000d5580000,0x00000000d5580000,0x00000000d6080000)
  from space 1024K, 74% used [0x00000000d6180000,0x00000000d623f4c8,0x00000000d6280000)
  to   space 1024K, 0% used [0x00000000d6080000,0x00000000d6080000,0x00000000d6180000)
 ParOldGen       total 1060352K, used 1060325K [0x0000000080000000, 0x00000000c0b80000, 0x00000000d5580000)
  object space 1060352K, 99% used [0x0000000080000000,0x00000000c0b79720,0x00000000c0b80000)
 Metaspace       used 91038K, committed 92864K, reserved 1179648K
  class space    used 10503K, committed 11328K, reserved 1048576K
}
Event: 6464.522 GC heap before
{Heap before GC invocations=4411 (full 5):
 PSYoungGen      total 12288K, used 11877K [0x00000000d5580000, 0x00000000d6280000, 0x0000000100000000)
  eden space 11264K, 98% used [0x00000000d5580000,0x00000000d605a0e0,0x00000000d6080000)
  from space 1024K, 74% used [0x00000000d6180000,0x00000000d623f4c8,0x00000000d6280000)
  to   space 1024K, 0% used [0x00000000d6080000,0x00000000d6080000,0x00000000d6180000)
 ParOldGen       total 1060352K, used 1060325K [0x0000000080000000, 0x00000000c0b80000, 0x00000000d5580000)
  object space 1060352K, 99% used [0x0000000080000000,0x00000000c0b79720,0x00000000c0b80000)
 Metaspace       used 91039K, committed 92864K, reserved 1179648K
  class space    used 10503K, committed 11328K, reserved 1048576K
}
Event: 6464.526 GC heap after
{Heap after GC invocations=4411 (full 5):
 PSYoungGen      total 12288K, used 192K [0x00000000d5580000, 0x00000000d6200000, 0x0000000100000000)
  eden space 11264K, 0% used [0x00000000d5580000,0x00000000d5580000,0x00000000d6080000)
  from space 1024K, 18% used [0x00000000d6080000,0x00000000d60b0000,0x00000000d6180000)
  to   space 512K, 0% used [0x00000000d6180000,0x00000000d6180000,0x00000000d6200000)
 ParOldGen       total 1060864K, used 1060413K [0x0000000080000000, 0x00000000c0c00000, 0x00000000d5580000)
  object space 1060864K, 99% used [0x0000000080000000,0x00000000c0b8f720,0x00000000c0c00000)
 Metaspace       used 91039K, committed 92864K, reserved 1179648K
  class space    used 10503K, committed 11328K, reserved 1048576K
}
Event: 6464.558 GC heap before
{Heap before GC invocations=4412 (full 5):
 PSYoungGen      total 12288K, used 11456K [0x00000000d5580000, 0x00000000d6200000, 0x0000000100000000)
  eden space 11264K, 100% used [0x00000000d5580000,0x00000000d6080000,0x00000000d6080000)
  from space 1024K, 18% used [0x00000000d6080000,0x00000000d60b0000,0x00000000d6180000)
  to   space 512K, 0% used [0x00000000d6180000,0x00000000d6180000,0x00000000d6200000)
 ParOldGen       total 1060864K, used 1060413K [0x0000000080000000, 0x00000000c0c00000, 0x00000000d5580000)
  object space 1060864K, 99% used [0x0000000080000000,0x00000000c0b8f720,0x00000000c0c00000)
 Metaspace       used 91046K, committed 92864K, reserved 1179648K
  class space    used 10503K, committed 11328K, reserved 1048576K
}
Event: 6464.563 GC heap after
{Heap after GC invocations=4412 (full 5):
 PSYoungGen      total 11776K, used 494K [0x00000000d5580000, 0x00000000d6280000, 0x0000000100000000)
  eden space 11264K, 0% used [0x00000000d5580000,0x00000000d5580000,0x00000000d6080000)
  from space 512K, 96% used [0x00000000d6180000,0x00000000d61fbbf0,0x00000000d6200000)
  to   space 1024K, 0% used [0x00000000d6080000,0x00000000d6080000,0x00000000d6180000)
 ParOldGen       total 1060864K, used 1060461K [0x0000000080000000, 0x00000000c0c00000, 0x00000000d5580000)
  object space 1060864K, 99% used [0x0000000080000000,0x00000000c0b9b720,0x00000000c0c00000)
 Metaspace       used 91046K, committed 92864K, reserved 1179648K
  class space    used 10503K, committed 11328K, reserved 1048576K
}
Event: 6464.595 GC heap before
{Heap before GC invocations=4413 (full 5):
 PSYoungGen      total 11776K, used 11758K [0x00000000d5580000, 0x00000000d6280000, 0x0000000100000000)
  eden space 11264K, 100% used [0x00000000d5580000,0x00000000d6080000,0x00000000d6080000)
  from space 512K, 96% used [0x00000000d6180000,0x00000000d61fbbf0,0x00000000d6200000)
  to   space 1024K, 0% used [0x00000000d6080000,0x00000000d6080000,0x00000000d6180000)
 ParOldGen       total 1060864K, used 1060461K [0x0000000080000000, 0x00000000c0c00000, 0x00000000d5580000)
  object space 1060864K, 99% used [0x0000000080000000,0x00000000c0b9b720,0x00000000c0c00000)
 Metaspace       used 91047K, committed 92864K, reserved 1179648K
  class space    used 10503K, committed 11328K, reserved 1048576K
}
Event: 6464.599 GC heap after
{Heap after GC invocations=4413 (full 5):
 PSYoungGen      total 12288K, used 521K [0x00000000d5580000, 0x00000000d6280000, 0x0000000100000000)
  eden space 11264K, 0% used [0x00000000d5580000,0x00000000d5580000,0x00000000d6080000)
  from space 1024K, 50% used [0x00000000d6080000,0x00000000d6102400,0x00000000d6180000)
  to   space 1024K, 0% used [0x00000000d6180000,0x00000000d6180000,0x00000000d6280000)
 ParOldGen       total 1060864K, used 1060557K [0x0000000080000000, 0x00000000c0c00000, 0x00000000d5580000)
  object space 1060864K, 99% used [0x0000000080000000,0x00000000c0bb3720,0x00000000c0c00000)
 Metaspace       used 91047K, committed 92864K, reserved 1179648K
  class space    used 10503K, committed 11328K, reserved 1048576K
}
Event: 6464.613 GC heap before
{Heap before GC invocations=4414 (full 5):
 PSYoungGen      total 12288K, used 11785K [0x00000000d5580000, 0x00000000d6280000, 0x0000000100000000)
  eden space 11264K, 100% used [0x00000000d5580000,0x00000000d6080000,0x00000000d6080000)
  from space 1024K, 50% used [0x00000000d6080000,0x00000000d6102400,0x00000000d6180000)
  to   space 1024K, 0% used [0x00000000d6180000,0x00000000d6180000,0x00000000d6280000)
 ParOldGen       total 1060864K, used 1060557K [0x0000000080000000, 0x00000000c0c00000, 0x00000000d5580000)
  object space 1060864K, 99% used [0x0000000080000000,0x00000000c0bb3720,0x00000000c0c00000)
 Metaspace       used 91047K, committed 92864K, reserved 1179648K
  class space    used 10503K, committed 11328K, reserved 1048576K
}
Event: 6464.618 GC heap after
{Heap after GC invocations=4414 (full 5):
 PSYoungGen      total 12288K, used 615K [0x00000000d5580000, 0x00000000d6280000, 0x0000000100000000)
  eden space 11264K, 0% used [0x00000000d5580000,0x00000000d5580000,0x00000000d6080000)
  from space 1024K, 60% used [0x00000000d6180000,0x00000000d6219df8,0x00000000d6280000)
  to   space 1024K, 0% used [0x00000000d6080000,0x00000000d6080000,0x00000000d6180000)
 ParOldGen       total 1060864K, used 1060781K [0x0000000080000000, 0x00000000c0c00000, 0x00000000d5580000)
  object space 1060864K, 99% used [0x0000000080000000,0x00000000c0beb560,0x00000000c0c00000)
 Metaspace       used 91047K, committed 92864K, reserved 1179648K
  class space    used 10503K, committed 11328K, reserved 1048576K
}
Event: 6464.753 GC heap before
{Heap before GC invocations=4415 (full 5):
 PSYoungGen      total 12288K, used 11879K [0x00000000d5580000, 0x00000000d6280000, 0x0000000100000000)
  eden space 11264K, 100% used [0x00000000d5580000,0x00000000d6080000,0x00000000d6080000)
  from space 1024K, 60% used [0x00000000d6180000,0x00000000d6219df8,0x00000000d6280000)
  to   space 1024K, 0% used [0x00000000d6080000,0x00000000d6080000,0x00000000d6180000)
 ParOldGen       total 1060864K, used 1060781K [0x0000000080000000, 0x00000000c0c00000, 0x00000000d5580000)
  object space 1060864K, 99% used [0x0000000080000000,0x00000000c0beb560,0x00000000c0c00000)
 Metaspace       used 91048K, committed 92864K, reserved 1179648K
  class space    used 10503K, committed 11328K, reserved 1048576K
}
Event: 6464.758 GC heap after
{Heap after GC invocations=4415 (full 5):
 PSYoungGen      total 12288K, used 320K [0x00000000d5580000, 0x00000000d6200000, 0x0000000100000000)
  eden space 11264K, 0% used [0x00000000d5580000,0x00000000d5580000,0x00000000d6080000)
  from space 1024K, 31% used [0x00000000d6080000,0x00000000d60d0000,0x00000000d6180000)
  to   space 512K, 0% used [0x00000000d6180000,0x00000000d6180000,0x00000000d6200000)
 ParOldGen       total 1060864K, used 1060845K [0x0000000080000000, 0x00000000c0c00000, 0x00000000d5580000)
  object space 1060864K, 99% used [0x0000000080000000,0x00000000c0bfb560,0x00000000c0c00000)
 Metaspace       used 91048K, committed 92864K, reserved 1179648K
  class space    used 10503K, committed 11328K, reserved 1048576K
}
Event: 6761.039 GC heap before
{Heap before GC invocations=4416 (full 5):
 PSYoungGen      total 12288K, used 11579K [0x00000000d5580000, 0x00000000d6200000, 0x0000000100000000)
  eden space 11264K, 99% used [0x00000000d5580000,0x00000000d607eee0,0x00000000d6080000)
  from space 1024K, 31% used [0x00000000d6080000,0x00000000d60d0000,0x00000000d6180000)
  to   space 512K, 0% used [0x00000000d6180000,0x00000000d6180000,0x00000000d6200000)
 ParOldGen       total 1060864K, used 1060845K [0x0000000080000000, 0x00000000c0c00000, 0x00000000d5580000)
  object space 1060864K, 99% used [0x0000000080000000,0x00000000c0bfb560,0x00000000c0c00000)
 Metaspace       used 91063K, committed 92864K, reserved 1179648K
  class space    used 10504K, committed 11328K, reserved 1048576K
}
Event: 6761.042 GC heap after
{Heap after GC invocations=4416 (full 5):
 PSYoungGen      total 11776K, used 384K [0x00000000d5580000, 0x00000000d6200000, 0x0000000100000000)
  eden space 11264K, 0% used [0x00000000d5580000,0x00000000d5580000,0x00000000d6080000)
  from space 512K, 75% used [0x00000000d6180000,0x00000000d61e0000,0x00000000d6200000)
  to   space 512K, 0% used [0x00000000d6100000,0x00000000d6100000,0x00000000d6180000)
 ParOldGen       total 1061376K, used 1060975K [0x0000000080000000, 0x00000000c0c80000, 0x00000000d5580000)
  object space 1061376K, 99% used [0x0000000080000000,0x00000000c0c1be60,0x00000000c0c80000)
 Metaspace       used 91063K, committed 92864K, reserved 1179648K
  class space    used 10504K, committed 11328K, reserved 1048576K
}

