# JRE version: OpenJDK Runtime Environment Temurin-21.0.8+9 (21.0.8+9) (build 21.0.8+9-LTS)
# Java VM: OpenJDK 64-Bit Server VM Temurin-21.0.8+9 (21.0.8+9-LTS, mixed mode, sharing, tiered, compressed oops, compressed class ptrs, parallel gc, windows-amd64)
GC Precious Log:
 CardTable entry size: 512
 CPUs: 16 total, 16 available
 Memory: 7563M
 Large Page Support: Disabled
 NUMA Support: Disabled
 Compressed Oops: Enabled (32-bit)
 Alignments: Space 512K, Generation 512K, Heap 2M
 Heap Min Capacity: 100M
 Heap Initial Capacity: 100M
 Heap Max Capacity: 2G
 Pre-touch: Disabled
 Parallel Workers: 13
Heap:
 PSYoungGen      total 53760K, used 20629K [0x00000000d5580000, 0x00000000d8d00000, 0x0000000100000000)
  eden space 51712K, 36% used [0x00000000d5580000,0x00000000d67f5698,0x00000000d8800000)
  from space 2048K, 84% used [0x00000000d8b00000,0x00000000d8cb0000,0x00000000d8d00000)
  to   space 2560K, 0% used [0x00000000d8800000,0x00000000d8800000,0x00000000d8a80000)
 ParOldGen       total 942592K, used 942471K [0x0000000080000000, 0x00000000b9880000, 0x00000000d5580000)
  object space 942592K, 99% used [0x0000000080000000,0x00000000b9861c58,0x00000000b9880000)
 Metaspace       used 77250K, committed 78912K, reserved 1179648K
  class space    used 9445K, committed 10176K, reserved 1048576K
GC Heap History (20 events):
Event: 209.086 GC heap before
{Heap before GC invocations=2168 (full 3):
 PSYoungGen      total 38912K, used 38880K [0x00000000d5580000, 0x00000000d8080000, 0x0000000100000000)
  eden space 37888K, 100% used [0x00000000d5580000,0x00000000d7a80000,0x00000000d7a80000)
  from space 1024K, 96% used [0x00000000d7f80000,0x00000000d8078000,0x00000000d8080000)
  to   space 1536K, 0% used [0x00000000d7d80000,0x00000000d7d80000,0x00000000d7f00000)
 ParOldGen       total 924160K, used 924059K [0x0000000080000000, 0x00000000b8680000, 0x00000000d5580000)
  object space 924160K, 99% used [0x0000000080000000,0x00000000b8666c90,0x00000000b8680000)
 Metaspace       used 77250K, committed 78912K, reserved 1179648K
  class space    used 9445K, committed 10176K, reserved 1048576K
}
Event: 209.089 GC heap after
{Heap after GC invocations=2168 (full 3):
 PSYoungGen      total 38400K, used 992K [0x00000000d5580000, 0x00000000d8000000, 0x0000000100000000)
  eden space 36864K, 0% used [0x00000000d5580000,0x00000000d5580000,0x00000000d7980000)
  from space 1536K, 64% used [0x00000000d7d80000,0x00000000d7e78000,0x00000000d7f00000)
  to   space 1024K, 0% used [0x00000000d7f00000,0x00000000d7f00000,0x00000000d8000000)
 ParOldGen       total 925184K, used 924867K [0x0000000080000000, 0x00000000b8780000, 0x00000000d5580000)
  object space 925184K, 99% used [0x0000000080000000,0x00000000b8730c90,0x00000000b8780000)
 Metaspace       used 77250K, committed 78912K, reserved 1179648K
  class space    used 9445K, committed 10176K, reserved 1048576K
}
Event: 209.121 GC heap before
{Heap before GC invocations=2169 (full 3):
 PSYoungGen      total 38400K, used 37856K [0x00000000d5580000, 0x00000000d8000000, 0x0000000100000000)
  eden space 36864K, 100% used [0x00000000d5580000,0x00000000d7980000,0x00000000d7980000)
  from space 1536K, 64% used [0x00000000d7d80000,0x00000000d7e78000,0x00000000d7f00000)
  to   space 1024K, 0% used [0x00000000d7f00000,0x00000000d7f00000,0x00000000d8000000)
 ParOldGen       total 925184K, used 924867K [0x0000000080000000, 0x00000000b8780000, 0x00000000d5580000)
  object space 925184K, 99% used [0x0000000080000000,0x00000000b8730c90,0x00000000b8780000)
 Metaspace       used 77250K, committed 78912K, reserved 1179648K
  class space    used 9445K, committed 10176K, reserved 1048576K
}
Event: 209.125 GC heap after
{Heap after GC invocations=2169 (full 3):
 PSYoungGen      total 36864K, used 1024K [0x00000000d5580000, 0x00000000d8000000, 0x0000000100000000)
  eden space 35840K, 0% used [0x00000000d5580000,0x00000000d5580000,0x00000000d7880000)
  from space 1024K, 100% used [0x00000000d7f00000,0x00000000d8000000,0x00000000d8000000)
  to   space 3072K, 0% used [0x00000000d7a00000,0x00000000d7a00000,0x00000000d7d00000)
 ParOldGen       total 926720K, used 926372K [0x0000000080000000, 0x00000000b8900000, 0x00000000d5580000)
  object space 926720K, 99% used [0x0000000080000000,0x00000000b88a9090,0x00000000b8900000)
 Metaspace       used 77250K, committed 78912K, reserved 1179648K
  class space    used 9445K, committed 10176K, reserved 1048576K
}
Event: 209.181 GC heap before
{Heap before GC invocations=2170 (full 3):
 PSYoungGen      total 36864K, used 36864K [0x00000000d5580000, 0x00000000d8000000, 0x0000000100000000)
  eden space 35840K, 100% used [0x00000000d5580000,0x00000000d7880000,0x00000000d7880000)
  from space 1024K, 100% used [0x00000000d7f00000,0x00000000d8000000,0x00000000d8000000)
  to   space 3072K, 0% used [0x00000000d7a00000,0x00000000d7a00000,0x00000000d7d00000)
 ParOldGen       total 926720K, used 926372K [0x0000000080000000, 0x00000000b8900000, 0x00000000d5580000)
  object space 926720K, 99% used [0x0000000080000000,0x00000000b88a9090,0x00000000b8900000)
 Metaspace       used 77250K, committed 78912K, reserved 1179648K
  class space    used 9445K, committed 10176K, reserved 1048576K
}
Event: 209.188 GC heap after
{Heap after GC invocations=2170 (full 3):
 PSYoungGen      total 37888K, used 3056K [0x00000000d5580000, 0x00000000d8080000, 0x0000000100000000)
  eden space 34816K, 0% used [0x00000000d5580000,0x00000000d5580000,0x00000000d7780000)
  from space 3072K, 99% used [0x00000000d7a00000,0x00000000d7cfc000,0x00000000d7d00000)
  to   space 3584K, 0% used [0x00000000d7d00000,0x00000000d7d00000,0x00000000d8080000)
 ParOldGen       total 927744K, used 927396K [0x0000000080000000, 0x00000000b8a00000, 0x00000000d5580000)
  object space 927744K, 99% used [0x0000000080000000,0x00000000b89a9090,0x00000000b8a00000)
 Metaspace       used 77250K, committed 78912K, reserved 1179648K
  class space    used 9445K, committed 10176K, reserved 1048576K
}
Event: 209.210 GC heap before
{Heap before GC invocations=2171 (full 3):
 PSYoungGen      total 37888K, used 37872K [0x00000000d5580000, 0x00000000d8080000, 0x0000000100000000)
  eden space 34816K, 100% used [0x00000000d5580000,0x00000000d7780000,0x00000000d7780000)
  from space 3072K, 99% used [0x00000000d7a00000,0x00000000d7cfc000,0x00000000d7d00000)
  to   space 3584K, 0% used [0x00000000d7d00000,0x00000000d7d00000,0x00000000d8080000)
 ParOldGen       total 927744K, used 927396K [0x0000000080000000, 0x00000000b8a00000, 0x00000000d5580000)
  object space 927744K, 99% used [0x0000000080000000,0x00000000b89a9090,0x00000000b8a00000)
 Metaspace       used 77250K, committed 78912K, reserved 1179648K
  class space    used 9445K, committed 10176K, reserved 1048576K
}
Event: 209.218 GC heap after
{Heap after GC invocations=2171 (full 3):
 PSYoungGen      total 36352K, used 1598K [0x00000000d5580000, 0x00000000d7f00000, 0x0000000100000000)
  eden space 34304K, 0% used [0x00000000d5580000,0x00000000d5580000,0x00000000d7700000)
  from space 2048K, 78% used [0x00000000d7d00000,0x00000000d7e8fba0,0x00000000d7f00000)
  to   space 2560K, 0% used [0x00000000d7a00000,0x00000000d7a00000,0x00000000d7c80000)
 ParOldGen       total 930816K, used 930389K [0x0000000080000000, 0x00000000b8d00000, 0x00000000d5580000)
  object space 930816K, 99% used [0x0000000080000000,0x00000000b8c95740,0x00000000b8d00000)
 Metaspace       used 77250K, committed 78912K, reserved 1179648K
  class space    used 9445K, committed 10176K, reserved 1048576K
}
Event: 209.238 GC heap before
{Heap before GC invocations=2172 (full 3):
 PSYoungGen      total 36352K, used 35902K [0x00000000d5580000, 0x00000000d7f00000, 0x0000000100000000)
  eden space 34304K, 100% used [0x00000000d5580000,0x00000000d7700000,0x00000000d7700000)
  from space 2048K, 78% used [0x00000000d7d00000,0x00000000d7e8fba0,0x00000000d7f00000)
  to   space 2560K, 0% used [0x00000000d7a00000,0x00000000d7a00000,0x00000000d7c80000)
 ParOldGen       total 930816K, used 930389K [0x0000000080000000, 0x00000000b8d00000, 0x00000000d5580000)
  object space 930816K, 99% used [0x0000000080000000,0x00000000b8c95740,0x00000000b8d00000)
 Metaspace       used 77250K, committed 78912K, reserved 1179648K
  class space    used 9445K, committed 10176K, reserved 1048576K
}
Event: 209.243 GC heap after
{Heap after GC invocations=2172 (full 3):
 PSYoungGen      total 35840K, used 2043K [0x00000000d5580000, 0x00000000d7d80000, 0x0000000100000000)
  eden space 33792K, 0% used [0x00000000d5580000,0x00000000d5580000,0x00000000d7680000)
  from space 2048K, 99% used [0x00000000d7a00000,0x00000000d7bfee08,0x00000000d7c00000)
  to   space 1536K, 0% used [0x00000000d7c00000,0x00000000d7c00000,0x00000000d7d80000)
 ParOldGen       total 931840K, used 931715K [0x0000000080000000, 0x00000000b8e00000, 0x00000000d5580000)
  object space 931840K, 99% used [0x0000000080000000,0x00000000b8de0e80,0x00000000b8e00000)
 Metaspace       used 77250K, committed 78912K, reserved 1179648K
  class space    used 9445K, committed 10176K, reserved 1048576K
}
Event: 209.265 GC heap before
{Heap before GC invocations=2173 (full 3):
 PSYoungGen      total 35840K, used 35835K [0x00000000d5580000, 0x00000000d7d80000, 0x0000000100000000)
  eden space 33792K, 100% used [0x00000000d5580000,0x00000000d7680000,0x00000000d7680000)
  from space 2048K, 99% used [0x00000000d7a00000,0x00000000d7bfee08,0x00000000d7c00000)
  to   space 1536K, 0% used [0x00000000d7c00000,0x00000000d7c00000,0x00000000d7d80000)
 ParOldGen       total 931840K, used 931715K [0x0000000080000000, 0x00000000b8e00000, 0x00000000d5580000)
  object space 931840K, 99% used [0x0000000080000000,0x00000000b8de0e80,0x00000000b8e00000)
 Metaspace       used 77250K, committed 78912K, reserved 1179648K
  class space    used 9445K, committed 10176K, reserved 1048576K
}
Event: 209.270 GC heap after
{Heap after GC invocations=2173 (full 3):
 PSYoungGen      total 34816K, used 1531K [0x00000000d5580000, 0x00000000d7d80000, 0x0000000100000000)
  eden space 33280K, 0% used [0x00000000d5580000,0x00000000d5580000,0x00000000d7600000)
  from space 1536K, 99% used [0x00000000d7c00000,0x00000000d7d7eca8,0x00000000d7d80000)
  to   space 3584K, 0% used [0x00000000d7680000,0x00000000d7680000,0x00000000d7a00000)
 ParOldGen       total 933376K, used 933131K [0x0000000080000000, 0x00000000b8f80000, 0x00000000d5580000)
  object space 933376K, 99% used [0x0000000080000000,0x00000000b8f42e90,0x00000000b8f80000)
 Metaspace       used 77250K, committed 78912K, reserved 1179648K
  class space    used 9445K, committed 10176K, reserved 1048576K
}
Event: 209.289 GC heap before
{Heap before GC invocations=2174 (full 3):
 PSYoungGen      total 34816K, used 34811K [0x00000000d5580000, 0x00000000d7d80000, 0x0000000100000000)
  eden space 33280K, 100% used [0x00000000d5580000,0x00000000d7600000,0x00000000d7600000)
  from space 1536K, 99% used [0x00000000d7c00000,0x00000000d7d7eca8,0x00000000d7d80000)
  to   space 3584K, 0% used [0x00000000d7680000,0x00000000d7680000,0x00000000d7a00000)
 ParOldGen       total 933376K, used 933131K [0x0000000080000000, 0x00000000b8f80000, 0x00000000d5580000)
  object space 933376K, 99% used [0x0000000080000000,0x00000000b8f42e90,0x00000000b8f80000)
 Metaspace       used 77250K, committed 78912K, reserved 1179648K
  class space    used 9445K, committed 10176K, reserved 1048576K
}
Event: 209.294 GC heap after
{Heap after GC invocations=2174 (full 3):
 PSYoungGen      total 36352K, used 1280K [0x00000000d5580000, 0x00000000d7c80000, 0x0000000100000000)
  eden space 32768K, 0% used [0x00000000d5580000,0x00000000d5580000,0x00000000d7580000)
  from space 3584K, 35% used [0x00000000d7680000,0x00000000d77c0000,0x00000000d7a00000)
  to   space 2048K, 0% used [0x00000000d7a80000,0x00000000d7a80000,0x00000000d7c80000)
 ParOldGen       total 934912K, used 934694K [0x0000000080000000, 0x00000000b9100000, 0x00000000d5580000)
  object space 934912K, 99% used [0x0000000080000000,0x00000000b90c9b38,0x00000000b9100000)
 Metaspace       used 77250K, committed 78912K, reserved 1179648K
  class space    used 9445K, committed 10176K, reserved 1048576K
}
Event: 209.313 GC heap before
{Heap before GC invocations=2175 (full 3):
 PSYoungGen      total 36352K, used 34048K [0x00000000d5580000, 0x00000000d7c80000, 0x0000000100000000)
  eden space 32768K, 100% used [0x00000000d5580000,0x00000000d7580000,0x00000000d7580000)
  from space 3584K, 35% used [0x00000000d7680000,0x00000000d77c0000,0x00000000d7a00000)
  to   space 2048K, 0% used [0x00000000d7a80000,0x00000000d7a80000,0x00000000d7c80000)
 ParOldGen       total 934912K, used 934694K [0x0000000080000000, 0x00000000b9100000, 0x00000000d5580000)
  object space 934912K, 99% used [0x0000000080000000,0x00000000b90c9b38,0x00000000b9100000)
 Metaspace       used 77250K, committed 78912K, reserved 1179648K
  class space    used 9445K, committed 10176K, reserved 1048576K
}
Event: 209.320 GC heap after
{Heap after GC invocations=2175 (full 3):
 PSYoungGen      total 33792K, used 1344K [0x00000000d5580000, 0x00000000d7c00000, 0x0000000100000000)
  eden space 32256K, 0% used [0x00000000d5580000,0x00000000d5580000,0x00000000d7500000)
  from space 1536K, 87% used [0x00000000d7a80000,0x00000000d7bd0000,0x00000000d7c00000)
  to   space 1536K, 0% used [0x00000000d7900000,0x00000000d7900000,0x00000000d7a80000)
 ParOldGen       total 935936K, used 935798K [0x0000000080000000, 0x00000000b9200000, 0x00000000d5580000)
  object space 935936K, 99% used [0x0000000080000000,0x00000000b91ddb38,0x00000000b9200000)
 Metaspace       used 77250K, committed 78912K, reserved 1179648K
  class space    used 9445K, committed 10176K, reserved 1048576K
}
Event: 209.339 GC heap before
{Heap before GC invocations=2176 (full 3):
 PSYoungGen      total 33792K, used 33600K [0x00000000d5580000, 0x00000000d7c00000, 0x0000000100000000)
  eden space 32256K, 100% used [0x00000000d5580000,0x00000000d7500000,0x00000000d7500000)
  from space 1536K, 87% used [0x00000000d7a80000,0x00000000d7bd0000,0x00000000d7c00000)
  to   space 1536K, 0% used [0x00000000d7900000,0x00000000d7900000,0x00000000d7a80000)
 ParOldGen       total 935936K, used 935798K [0x0000000080000000, 0x00000000b9200000, 0x00000000d5580000)
  object space 935936K, 99% used [0x0000000080000000,0x00000000b91ddb38,0x00000000b9200000)
 Metaspace       used 77250K, committed 78912K, reserved 1179648K
  class space    used 9445K, committed 10176K, reserved 1048576K
}
Event: 209.342 GC heap after
{Heap after GC invocations=2176 (full 3):
 PSYoungGen      total 33280K, used 1248K [0x00000000d5580000, 0x00000000d7b00000, 0x0000000100000000)
  eden space 31744K, 0% used [0x00000000d5580000,0x00000000d5580000,0x00000000d7480000)
  from space 1536K, 81% used [0x00000000d7900000,0x00000000d7a38000,0x00000000d7a80000)
  to   space 512K, 0% used [0x00000000d7a80000,0x00000000d7a80000,0x00000000d7b00000)
 ParOldGen       total 936960K, used 936942K [0x0000000080000000, 0x00000000b9300000, 0x00000000d5580000)
  object space 936960K, 99% used [0x0000000080000000,0x00000000b92fbb38,0x00000000b9300000)
 Metaspace       used 77250K, committed 78912K, reserved 1179648K
  class space    used 9445K, committed 10176K, reserved 1048576K
}
Event: 209.358 GC heap before
{Heap before GC invocations=2177 (full 3):
 PSYoungGen      total 33280K, used 32992K [0x00000000d5580000, 0x00000000d7b00000, 0x0000000100000000)
  eden space 31744K, 100% used [0x00000000d5580000,0x00000000d7480000,0x00000000d7480000)
  from space 1536K, 81% used [0x00000000d7900000,0x00000000d7a38000,0x00000000d7a80000)
  to   space 512K, 0% used [0x00000000d7a80000,0x00000000d7a80000,0x00000000d7b00000)
 ParOldGen       total 936960K, used 936942K [0x0000000080000000, 0x00000000b9300000, 0x00000000d5580000)
  object space 936960K, 99% used [0x0000000080000000,0x00000000b92fbb38,0x00000000b9300000)
 Metaspace       used 77250K, committed 78912K, reserved 1179648K
  class space    used 9445K, committed 10176K, reserved 1048576K
}
Event: 211.368 GC heap after
{Heap after GC invocations=2177 (full 3):
 PSYoungGen      total 36352K, used 496K [0x00000000d5580000, 0x00000000d7f00000, 0x0000000100000000)
  eden space 35840K, 0% used [0x00000000d5580000,0x00000000d5580000,0x00000000d7880000)
  from space 512K, 96% used [0x00000000d7a80000,0x00000000d7afc010,0x00000000d7b00000)
  to   space 2048K, 0% used [0x00000000d7880000,0x00000000d7880000,0x00000000d7a80000)
 ParOldGen       total 938496K, used 938278K [0x0000000080000000, 0x00000000b9480000, 0x00000000d5580000)
  object space 938496K, 99% used [0x0000000080000000,0x00000000b9449b38,0x00000000b9480000)
 Metaspace       used 77250K, committed 78912K, reserved 1179648K
  class space    used 9445K, committed 10176K, reserved 1048576K
}

