# JRE version: Java(TM) SE Runtime Environment (17.0.12+8) (build 17.0.12+8-LTS-286)
# Java VM: Java HotSpot(TM) 64-Bit Server VM (17.0.12+8-LTS-286, mixed mode, sharing, tiered, compressed oops, compressed class ptrs, g1 gc, windows-amd64)
GC Precious Log:
 CPUs: 16 total, 16 available
 Memory: 7563M
 Large Page Support: Disabled
 NUMA Support: Disabled
 Compressed Oops: Enabled (32-bit)
 Heap Region Size: 1M
 Heap Min Capacity: 256M
 Heap Initial Capacity: 256M
 Heap Max Capacity: 512M
 Pre-touch: Disabled
 Parallel Workers: 13
 Concurrent Workers: 3
 Concurrent Refinement Workers: 13
 Periodic GC: Disabled
Heap:
 garbage-first heap   total 262144K, used 175753K [0x00000000e0000000, 0x0000000100000000)
  region size 1024K, 114 young (116736K), 6 survivors (6144K)
 Metaspace       used 65721K, committed 66560K, reserved 393216K
  class space    used 8952K, committed 9344K, reserved 327680K
GC Heap History (20 events):
Event: 0.451 GC heap before
{Heap before GC invocations=0 (full 0):
 garbage-first heap   total 262144K, used 22528K [0x00000000e0000000, 0x0000000100000000)
  region size 1024K, 23 young (23552K), 0 survivors (0K)
 Metaspace       used 1088K, committed 1216K, reserved 393216K
  class space    used 73K, committed 128K, reserved 327680K
}
Event: 0.455 GC heap after
{Heap after GC invocations=1 (full 0):
 garbage-first heap   total 262144K, used 2749K [0x00000000e0000000, 0x0000000100000000)
  region size 1024K, 3 young (3072K), 3 survivors (3072K)
 Metaspace       used 1088K, committed 1216K, reserved 393216K
  class space    used 73K, committed 128K, reserved 327680K
}
Event: 1.124 GC heap before
{Heap before GC invocations=1 (full 0):
 garbage-first heap   total 262144K, used 40637K [0x00000000e0000000, 0x0000000100000000)
  region size 1024K, 38 young (38912K), 3 survivors (3072K)
 Metaspace       used 4451K, committed 4608K, reserved 393216K
  class space    used 549K, committed 640K, reserved 327680K
}
Event: 1.131 GC heap after
{Heap after GC invocations=2 (full 0):
 garbage-first heap   total 262144K, used 10729K [0x00000000e0000000, 0x0000000100000000)
  region size 1024K, 5 young (5120K), 5 survivors (5120K)
 Metaspace       used 4451K, committed 4608K, reserved 393216K
  class space    used 549K, committed 640K, reserved 327680K
}
Event: 1.684 GC heap before
{Heap before GC invocations=2 (full 0):
 garbage-first heap   total 262144K, used 60905K [0x00000000e0000000, 0x0000000100000000)
  region size 1024K, 52 young (53248K), 5 survivors (5120K)
 Metaspace       used 5179K, committed 5376K, reserved 393216K
  class space    used 680K, committed 768K, reserved 327680K
}
Event: 1.694 GC heap after
{Heap after GC invocations=3 (full 0):
 garbage-first heap   total 262144K, used 16627K [0x00000000e0000000, 0x0000000100000000)
  region size 1024K, 7 young (7168K), 7 survivors (7168K)
 Metaspace       used 5179K, committed 5376K, reserved 393216K
  class space    used 680K, committed 768K, reserved 327680K
}
Event: 3.873 GC heap before
{Heap before GC invocations=3 (full 0):
 garbage-first heap   total 262144K, used 120051K [0x00000000e0000000, 0x0000000100000000)
  region size 1024K, 109 young (111616K), 7 survivors (7168K)
 Metaspace       used 21114K, committed 21504K, reserved 393216K
  class space    used 3066K, committed 3264K, reserved 327680K
}
Event: 3.890 GC heap after
{Heap after GC invocations=4 (full 0):
 garbage-first heap   total 262144K, used 23486K [0x00000000e0000000, 0x0000000100000000)
  region size 1024K, 14 young (14336K), 14 survivors (14336K)
 Metaspace       used 21114K, committed 21504K, reserved 393216K
  class space    used 3066K, committed 3264K, reserved 327680K
}
Event: 6.012 GC heap before
{Heap before GC invocations=5 (full 0):
 garbage-first heap   total 262144K, used 144318K [0x00000000e0000000, 0x0000000100000000)
  region size 1024K, 129 young (132096K), 14 survivors (14336K)
 Metaspace       used 35477K, committed 35968K, reserved 393216K
  class space    used 4870K, committed 5120K, reserved 327680K
}
Event: 6.034 GC heap after
{Heap after GC invocations=6 (full 0):
 garbage-first heap   total 262144K, used 34495K [0x00000000e0000000, 0x0000000100000000)
  region size 1024K, 18 young (18432K), 18 survivors (18432K)
 Metaspace       used 35477K, committed 35968K, reserved 393216K
  class space    used 4870K, committed 5120K, reserved 327680K
}
Event: 9.031 GC heap before
{Heap before GC invocations=7 (full 0):
 garbage-first heap   total 262144K, used 173759K [0x00000000e0000000, 0x0000000100000000)
  region size 1024K, 153 young (156672K), 18 survivors (18432K)
 Metaspace       used 48672K, committed 49280K, reserved 393216K
  class space    used 6805K, committed 7104K, reserved 327680K
}
Event: 9.056 GC heap after
{Heap after GC invocations=8 (full 0):
 garbage-first heap   total 262144K, used 42406K [0x00000000e0000000, 0x0000000100000000)
  region size 1024K, 19 young (19456K), 19 survivors (19456K)
 Metaspace       used 48672K, committed 49280K, reserved 393216K
  class space    used 6805K, committed 7104K, reserved 327680K
}
Event: 11.951 GC heap before
{Heap before GC invocations=8 (full 0):
 garbage-first heap   total 262144K, used 179622K [0x00000000e0000000, 0x0000000100000000)
  region size 1024K, 153 young (156672K), 19 survivors (19456K)
 Metaspace       used 56382K, committed 57088K, reserved 393216K
  class space    used 7898K, committed 8192K, reserved 327680K
}
Event: 11.974 GC heap after
{Heap after GC invocations=9 (full 0):
 garbage-first heap   total 262144K, used 53248K [0x00000000e0000000, 0x0000000100000000)
  region size 1024K, 20 young (20480K), 20 survivors (20480K)
 Metaspace       used 56382K, committed 57088K, reserved 393216K
  class space    used 7898K, committed 8192K, reserved 327680K
}
Event: 14.814 GC heap before
{Heap before GC invocations=9 (full 0):
 garbage-first heap   total 262144K, used 186368K [0x00000000e0000000, 0x0000000100000000)
  region size 1024K, 152 young (155648K), 20 survivors (20480K)
 Metaspace       used 59479K, committed 60096K, reserved 393216K
  class space    used 8091K, committed 8384K, reserved 327680K
}
Event: 14.836 GC heap after
{Heap after GC invocations=10 (full 0):
 garbage-first heap   total 262144K, used 58515K [0x00000000e0000000, 0x0000000100000000)
  region size 1024K, 7 young (7168K), 7 survivors (7168K)
 Metaspace       used 59479K, committed 60096K, reserved 393216K
  class space    used 8091K, committed 8384K, reserved 327680K
}
Event: 18.041 GC heap before
{Heap before GC invocations=11 (full 0):
 garbage-first heap   total 262144K, used 199827K [0x00000000e0000000, 0x0000000100000000)
  region size 1024K, 146 young (149504K), 7 survivors (7168K)
 Metaspace       used 64673K, committed 65472K, reserved 393216K
  class space    used 8913K, committed 9280K, reserved 327680K
}
Event: 18.058 GC heap after
{Heap after GC invocations=12 (full 0):
 garbage-first heap   total 262144K, used 67556K [0x00000000e0000000, 0x0000000100000000)
  region size 1024K, 16 young (16384K), 16 survivors (16384K)
 Metaspace       used 64673K, committed 65472K, reserved 393216K
  class space    used 8913K, committed 9280K, reserved 327680K
}
Event: 20.081 GC heap before
{Heap before GC invocations=12 (full 0):
 garbage-first heap   total 262144K, used 202724K [0x00000000e0000000, 0x0000000100000000)
  region size 1024K, 148 young (151552K), 16 survivors (16384K)
 Metaspace       used 65598K, committed 66432K, reserved 393216K
  class space    used 8949K, committed 9344K, reserved 327680K
}
Event: 20.098 GC heap after
{Heap after GC invocations=13 (full 0):
 garbage-first heap   total 262144K, used 67209K [0x00000000e0000000, 0x0000000100000000)
  region size 1024K, 6 young (6144K), 6 survivors (6144K)
 Metaspace       used 65598K, committed 66432K, reserved 393216K
  class space    used 8949K, committed 9344K, reserved 327680K
}

